[2016-07-15 08:55:20] __rvm_set_executable
__rvm_set_executable () 
{ 
    for __file in "$@";
    do
        [[ -x "${__file}" ]] || chmod +x "${__file}";
    done
}
current path: /home/ec2-user/.rvm/src/ruby-2.3.0
PATH=/usr/local/bin:/bin:/usr/bin:/usr/local/sbin:/usr/sbin:/sbin:/opt/aws/bin:/home/ec2-user/.local/bin:/home/ec2-user/bin:/home/ec2-user/.rvm/bin
command(8): __rvm_set_executable /home/ec2-user/.rvm/rubies/ruby-2.3.0/bin/erb /home/ec2-user/.rvm/rubies/ruby-2.3.0/bin/gem /home/ec2-user/.rvm/rubies/ruby-2.3.0/bin/irb /home/ec2-user/.rvm/rubies/ruby-2.3.0/bin/rake /home/ec2-user/.rvm/rubies/ruby-2.3.0/bin/rdoc /home/ec2-user/.rvm/rubies/ruby-2.3.0/bin/ri /home/ec2-user/.rvm/rubies/ruby-2.3.0/bin/ruby
++ /scripts/functions/gemset : __rvm_set_executable()  366 > for __file in '"$@"'
++ /scripts/functions/gemset : __rvm_set_executable()  367 > [[ -x /home/ec2-user/.rvm/rubies/ruby-2.3.0/bin/erb ]]
++ /scripts/functions/gemset : __rvm_set_executable()  366 > for __file in '"$@"'
++ /scripts/functions/gemset : __rvm_set_executable()  367 > [[ -x /home/ec2-user/.rvm/rubies/ruby-2.3.0/bin/gem ]]
++ /scripts/functions/gemset : __rvm_set_executable()  366 > for __file in '"$@"'
++ /scripts/functions/gemset : __rvm_set_executable()  367 > [[ -x /home/ec2-user/.rvm/rubies/ruby-2.3.0/bin/irb ]]
++ /scripts/functions/gemset : __rvm_set_executable()  366 > for __file in '"$@"'
++ /scripts/functions/gemset : __rvm_set_executable()  367 > [[ -x /home/ec2-user/.rvm/rubies/ruby-2.3.0/bin/rake ]]
++ /scripts/functions/gemset : __rvm_set_executable()  366 > for __file in '"$@"'
++ /scripts/functions/gemset : __rvm_set_executable()  367 > [[ -x /home/ec2-user/.rvm/rubies/ruby-2.3.0/bin/rdoc ]]
++ /scripts/functions/gemset : __rvm_set_executable()  366 > for __file in '"$@"'
++ /scripts/functions/gemset : __rvm_set_executable()  367 > [[ -x /home/ec2-user/.rvm/rubies/ruby-2.3.0/bin/ri ]]
++ /scripts/functions/gemset : __rvm_set_executable()  366 > for __file in '"$@"'
++ /scripts/functions/gemset : __rvm_set_executable()  367 > [[ -x /home/ec2-user/.rvm/rubies/ruby-2.3.0/bin/ruby ]]
