[2016-07-15 08:51:48] __rvm_package_extract
__rvm_package_extract () 
{ 
    rvm_debug __rvm_package_extract:$#: "$@";
    \typeset __tempdir __path __file __return;
    __return=0;
    __tempdir="$( TMPDIR="${rvm_tmp_path}" mktemp -d -t rvm-tmp.XXXXXXXXX )";
    __rvm_package_extract_run "$1" "$__tempdir" || __return=$?;
    if (( __return == 0 )); then
        for __path in "$__tempdir"/*;
        do
            __file="${__path##*/}";
            if [[ -n "${__file}" && -e "$2/${__file}" ]]; then
                \command \rm -rf "$2/${__file}" || __return=$?;
            fi;
            \command \mv -f "${__path}" "$2/" || __return=$?;
        done;
    fi;
    if [[ -n "$__tempdir" ]]; then
        \command \rm -rf "$__tempdir";
    fi;
    return $__return
}
current path: /home/ec2-user/.rvm/src
PATH=/usr/local/bin:/bin:/usr/bin:/usr/local/sbin:/usr/sbin:/sbin:/opt/aws/bin:/home/ec2-user/.local/bin:/home/ec2-user/bin:/home/ec2-user/.rvm/bin
command(3): __rvm_package_extract /home/ec2-user/.rvm/archives/ruby-2.3.0.tar.bz2 /home/ec2-user/.rvm/tmp/rvm_src_9349
++ /scripts/functions/utility_package : __rvm_package_extract()  69 > rvm_debug __rvm_package_extract:2: /home/ec2-user/.rvm/archives/ruby-2.3.0.tar.bz2 /home/ec2-user/.rvm/tmp/rvm_src_9349
++ /scripts/functions/logging : rvm_debug()  144 > ((  0  ))
++ /scripts/functions/logging : rvm_debug()  144 > return 0
++ /scripts/functions/utility_package : __rvm_package_extract()  70 > typeset __tempdir __path __file __return
++ /scripts/functions/utility_package : __rvm_package_extract()  71 > __return=0
+++ /scripts/functions/utility_package : __rvm_package_extract()  72 > TMPDIR=/home/ec2-user/.rvm/tmp
+++ /scripts/functions/utility_package : __rvm_package_extract()  72 > mktemp -d -t rvm-tmp.XXXXXXXXX
++ /scripts/functions/utility_package : __rvm_package_extract()  72 > __tempdir=/home/ec2-user/.rvm/tmp/rvm-tmp.21XdQKwM5
++ /scripts/functions/utility_package : __rvm_package_extract()  73 > __rvm_package_extract_run /home/ec2-user/.rvm/archives/ruby-2.3.0.tar.bz2 /home/ec2-user/.rvm/tmp/rvm-tmp.21XdQKwM5
++ /scripts/functions/utility_package : __rvm_package_extract_run()  35 > [[    != *\ \-\-\n\o\-\s\a\m\e\-\o\w\n\e\r\ * ]]
++ /scripts/functions/utility_package : __rvm_package_extract_run()  36 > __rvm_grep -- --no-same-owner
++ /scripts/functions/support : __rvm_grep()  260 > GREP_OPTIONS=
++ /scripts/functions/support : __rvm_grep()  260 > command grep -- --no-same-owner
++ /scripts/functions/support : __rvm_grep()  260 > grep -- --no-same-owner
++ /scripts/functions/utility_package : __rvm_package_extract_run()  36 > __rvm_tar --help
++ /scripts/functions/utility_package : __rvm_package_extract_run()  38 > rvm_tar_options=--no-same-owner
++ /scripts/functions/utility_package : __rvm_package_extract_run()  41 > [[ -d /home/ec2-user/.rvm/tmp/rvm-tmp.21XdQKwM5 ]]
++ /scripts/functions/utility_package : __rvm_package_extract_run()  42 > case "$1" in
++ /scripts/functions/utility_package : __rvm_package_extract_run()  47 > [[ -n '' ]]
++ /scripts/functions/utility_package : __rvm_package_extract_run()  49 > __rvm_tar xjf /home/ec2-user/.rvm/archives/ruby-2.3.0.tar.bz2 -C /home/ec2-user/.rvm/tmp/rvm-tmp.21XdQKwM5 --no-same-owner
++ /scripts/functions/support : __rvm_tar()  277 > tar xjf /home/ec2-user/.rvm/archives/ruby-2.3.0.tar.bz2 -C /home/ec2-user/.rvm/tmp/rvm-tmp.21XdQKwM5 --no-same-owner
++ /scripts/functions/utility_package : __rvm_package_extract_run()  62 > __rvm_fix_group_permissions /home/ec2-user/.rvm/tmp/rvm-tmp.21XdQKwM5/ruby-2.3.0
++ /scripts/functions/utility_package : __rvm_fix_group_permissions()  6 > __rvm_grep g=rw
++ /scripts/functions/support : __rvm_grep()  260 > GREP_OPTIONS=
++ /scripts/functions/support : __rvm_grep()  260 > command grep g=rw
++ /scripts/functions/support : __rvm_grep()  260 > grep g=rw
++ /scripts/functions/utility_package : __rvm_fix_group_permissions()  6 > umask -S
++ /scripts/functions/utility_package : __rvm_fix_group_permissions()  8 > chmod -R g+rwX /home/ec2-user/.rvm/tmp/rvm-tmp.21XdQKwM5/ruby-2.3.0
++ /scripts/functions/utility_package : __rvm_package_extract()  75 > ((  __return == 0  ))
++ /scripts/functions/utility_package : __rvm_package_extract()  77 > for __path in '"$__tempdir"/*'
++ /scripts/functions/utility_package : __rvm_package_extract()  79 > __file=ruby-2.3.0
++ /scripts/functions/utility_package : __rvm_package_extract()  81 > [[ -n ruby-2.3.0 ]]
++ /scripts/functions/utility_package : __rvm_package_extract()  81 > [[ -e /home/ec2-user/.rvm/tmp/rvm_src_9349/ruby-2.3.0 ]]
++ /scripts/functions/utility_package : __rvm_package_extract()  85 > command mv -f /home/ec2-user/.rvm/tmp/rvm-tmp.21XdQKwM5/ruby-2.3.0 /home/ec2-user/.rvm/tmp/rvm_src_9349/
++ /scripts/functions/utility_package : __rvm_package_extract()  85 > mv -f /home/ec2-user/.rvm/tmp/rvm-tmp.21XdQKwM5/ruby-2.3.0 /home/ec2-user/.rvm/tmp/rvm_src_9349/
++ /scripts/functions/utility_package : __rvm_package_extract()  88 > [[ -n /home/ec2-user/.rvm/tmp/rvm-tmp.21XdQKwM5 ]]
++ /scripts/functions/utility_package : __rvm_package_extract()  89 > command rm -rf /home/ec2-user/.rvm/tmp/rvm-tmp.21XdQKwM5
++ /scripts/functions/utility_package : __rvm_package_extract()  89 > rm -rf /home/ec2-user/.rvm/tmp/rvm-tmp.21XdQKwM5
++ /scripts/functions/utility_package : __rvm_package_extract()  91 > return 0
