[2016-07-15 09:34:13] __rvm_post_configure_ruby
__rvm_post_configure_ruby () 
{ 
    __rvm_post_configure_ruby_fix_athlon_sse2;
    __rvm_post_configure_ruby_update_setup
}
current path: /home/ec2-user/.rvm/src/ruby-2.2.4
GEM_HOME=/home/ec2-user/.rvm/gems/ruby-2.0.0-p648
PATH=/home/ec2-user/.rvm/gems/ruby-2.0.0-p648/bin:/home/ec2-user/.rvm/gems/ruby-2.0.0-p648@global/bin:/home/ec2-user/.rvm/rubies/ruby-2.0.0-p648/bin:/home/ec2-user/.rvm/bin:/usr/local/bin:/bin:/usr/bin:/usr/local/sbin:/usr/sbin:/sbin:/opt/aws/bin:/home/ec2-user/.local/bin:/home/ec2-user/bin
GEM_PATH=/home/ec2-user/.rvm/gems/ruby-2.0.0-p648:/home/ec2-user/.rvm/gems/ruby-2.0.0-p648@global
command(1): __rvm_post_configure_ruby
++ __rvm_post_configure_ruby_fix_athlon_sse2
++ [[ -f /proc/cpuinfo ]]
++ [[ -f Makefile ]]
++ __rvm_grep '^XCFLAGS = .*-msse2' Makefile
++ GREP_OPTIONS=
++ command grep '^XCFLAGS = .*-msse2' Makefile
++ grep '^XCFLAGS = .*-msse2' Makefile
++ return 1
++ __rvm_post_configure_ruby_update_setup
++ typeset option
++ ((  0 == 1  ))
