[2016-07-15 09:00:22] gemset_import_list
gemset_import_list () 
{ 
    case "${rvm_ruby_string}" in 
        *jruby*)
            \command \gem install "$@"
        ;;
        *)
            \typeset line;
            for line in "$@";
            do
                gem_install $line || rvm_error "there was an error installing gem $line";
            done
        ;;
    esac
}
current path: /home/ec2-user/.rvm/src/rvm
GEM_HOME=/home/ec2-user/.rvm/gems/jruby-9.0.5.0@global
PATH=/home/ec2-user/.rvm/gems/jruby-9.0.5.0@global/bin:/home/ec2-user/.rvm/rubies/jruby-9.0.5.0/bin:/home/ec2-user/.rvm/bin:/usr/local/bin:/bin:/usr/bin:/usr/local/sbin:/usr/sbin:/sbin:/opt/aws/bin:/home/ec2-user/.local/bin:/home/ec2-user/bin
GEM_PATH=/home/ec2-user/.rvm/gems/jruby-9.0.5.0@global
command(7): gemset_import_list jruby-openssl jruby-launcher gem-wrappers rubygems-bundler rake rvm
+ /scripts/functions/gemset : gemset_import_list()  227 > case "${rvm_ruby_string}" in
+ /scripts/functions/gemset : gemset_import_list()  230 > command gem install jruby-openssl jruby-launcher gem-wrappers rubygems-bundler rake rvm
+ /scripts/functions/gemset : gemset_import_list()  230 > gem install jruby-openssl jruby-launcher gem-wrappers rubygems-bundler rake rvm
WARNING: SSLSocket#session= is not supported
Successfully installed jruby-openssl-0.9.17-java
WARNING: SSLSocket#session= is not supported
Building native extensions.  This could take a while...
Successfully installed jruby-launcher-1.1.1-java
WARNING: SSLSocket#session= is not supported
Building native extensions.  This could take a while...
Successfully installed gem-wrappers-1.2.7
WARNING: SSLSocket#session= is not supported
Successfully installed bundler-unload-1.0.2
Building native extensions.  This could take a while...
# In case of problems run the following command to update binstubs:
gem regenerate_binstubs
Successfully installed executable-hooks-1.3.2
WARNING: SSLSocket#session= is not supported
Successfully installed rubygems-bundler-1.4.4
Successfully installed rake-11.2.2
Successfully installed rvm-1.11.3.9
8 gems installed
