[2016-07-15 09:31:19] __rvm_package_extract
__rvm_package_extract () 
{ 
    rvm_debug __rvm_package_extract:$#: "$@";
    \typeset __tempdir __path __file __return;
    __return=0;
    __tempdir="$( TMPDIR="${rvm_tmp_path}" mktemp -d -t rvm-tmp.XXXXXXXXX )";
    __rvm_package_extract_run "$1" "$__tempdir" || __return=$?;
    if (( __return == 0 )); then
        for __path in "$__tempdir"/*;
        do
            __file="${__path##*/}";
            if [[ -n "${__file}" && -e "$2/${__file}" ]]; then
                \command \rm -rf "$2/${__file}" || __return=$?;
            fi;
            \command \mv -f "${__path}" "$2/" || __return=$?;
        done;
    fi;
    if [[ -n "$__tempdir" ]]; then
        \command \rm -rf "$__tempdir";
    fi;
    return $__return
}
current path: /home/ec2-user/.rvm/src/ruby-2.0.0-p648
GEM_HOME=/home/ec2-user/.rvm/gems/jruby-9.0.5.0
PATH=/home/ec2-user/.rvm/gems/jruby-9.0.5.0/bin:/home/ec2-user/.rvm/gems/jruby-9.0.5.0@global/bin:/home/ec2-user/.rvm/rubies/jruby-9.0.5.0/bin:/usr/local/bin:/bin:/usr/bin:/usr/local/sbin:/usr/sbin:/sbin:/opt/aws/bin:/home/ec2-user/.rvm/bin:/home/ec2-user/.rvm/bin:/home/ec2-user/.local/bin:/home/ec2-user/bin
GEM_PATH=/home/ec2-user/.rvm/gems/jruby-9.0.5.0:/home/ec2-user/.rvm/gems/jruby-9.0.5.0@global
command(3): __rvm_package_extract /home/ec2-user/.rvm/archives/rubygems-2.4.8.tgz /home/ec2-user/.rvm/src
++ rvm_debug __rvm_package_extract:2: /home/ec2-user/.rvm/archives/rubygems-2.4.8.tgz /home/ec2-user/.rvm/src
++ ((  0  ))
++ return 0
++ typeset __tempdir __path __file __return
++ __return=0
+++ TMPDIR=/home/ec2-user/.rvm/tmp
+++ mktemp -d -t rvm-tmp.XXXXXXXXX
++ __tempdir=/home/ec2-user/.rvm/tmp/rvm-tmp.OTao9LjMx
++ __rvm_package_extract_run /home/ec2-user/.rvm/archives/rubygems-2.4.8.tgz /home/ec2-user/.rvm/tmp/rvm-tmp.OTao9LjMx
++ [[    != *\ \-\-\n\o\-\s\a\m\e\-\o\w\n\e\r\ * ]]
++ __rvm_grep -- --no-same-owner
++ GREP_OPTIONS=
++ command grep -- --no-same-owner
++ grep -- --no-same-owner
++ __rvm_tar --help
++ rvm_tar_options=--no-same-owner
++ [[ -d /home/ec2-user/.rvm/tmp/rvm-tmp.OTao9LjMx ]]
++ case "$1" in
++ [[ -n '' ]]
++ __rvm_tar xzf /home/ec2-user/.rvm/archives/rubygems-2.4.8.tgz -C /home/ec2-user/.rvm/tmp/rvm-tmp.OTao9LjMx --no-same-owner
++ tar xzf /home/ec2-user/.rvm/archives/rubygems-2.4.8.tgz -C /home/ec2-user/.rvm/tmp/rvm-tmp.OTao9LjMx --no-same-owner
++ __rvm_fix_group_permissions /home/ec2-user/.rvm/tmp/rvm-tmp.OTao9LjMx/rubygems-2.4.8
++ __rvm_grep g=rw
++ GREP_OPTIONS=
++ command grep g=rw
++ grep g=rw
++ umask -S
++ chmod -R g+rwX /home/ec2-user/.rvm/tmp/rvm-tmp.OTao9LjMx/rubygems-2.4.8
++ ((  __return == 0  ))
++ for __path in '"$__tempdir"/*'
++ __file=rubygems-2.4.8
++ [[ -n rubygems-2.4.8 ]]
++ [[ -e /home/ec2-user/.rvm/src/rubygems-2.4.8 ]]
++ command mv -f /home/ec2-user/.rvm/tmp/rvm-tmp.OTao9LjMx/rubygems-2.4.8 /home/ec2-user/.rvm/src/
++ mv -f /home/ec2-user/.rvm/tmp/rvm-tmp.OTao9LjMx/rubygems-2.4.8 /home/ec2-user/.rvm/src/
++ [[ -n /home/ec2-user/.rvm/tmp/rvm-tmp.OTao9LjMx ]]
++ command rm -rf /home/ec2-user/.rvm/tmp/rvm-tmp.OTao9LjMx
++ rm -rf /home/ec2-user/.rvm/tmp/rvm-tmp.OTao9LjMx
++ return 0
