[2016-07-15 08:55:51] alias_create_execute
alias_create_execute () 
{ 
    for _path in "$rvm_rubies_path" "$rvm_environments_path" "$rvm_wrappers_path";
    do
        if [[ -L "$_path/$alias_name" ]]; then
            \command \rm -fv "$_path/$alias_name" || return $?;
        fi;
        \command \ln -fs "$_path/$rvm_ruby_string" "$_path/$alias_name" || return $?;
    done;
    __rvm_db_ "$rvm_path/config/alias" "$alias_name" "$rvm_ruby_string"
}
current path: /home/ec2-user/.rvm/src/rvm
GEM_HOME=/home/ec2-user/.rvm/gems/ruby-2.3.0
PATH=/home/ec2-user/.rvm/gems/ruby-2.3.0/bin:/home/ec2-user/.rvm/gems/ruby-2.3.0@global/bin:/home/ec2-user/.rvm/rubies/ruby-2.3.0/bin:/home/ec2-user/.rvm/bin:/usr/local/bin:/bin:/usr/bin:/usr/local/sbin:/usr/sbin:/sbin:/opt/aws/bin:/home/ec2-user/.local/bin:/home/ec2-user/bin
GEM_PATH=/home/ec2-user/.rvm/gems/ruby-2.3.0:/home/ec2-user/.rvm/gems/ruby-2.3.0@global
command(1): alias_create_execute
+ /scripts/alias : alias_create_execute()  27 > for _path in '"$rvm_rubies_path"' '"$rvm_environments_path"' '"$rvm_wrappers_path"'
+ /scripts/alias : alias_create_execute()  29 > [[ -L /home/ec2-user/.rvm/rubies/default ]]
+ /scripts/alias : alias_create_execute()  30 > command rm -fv /home/ec2-user/.rvm/rubies/default
+ /scripts/alias : alias_create_execute()  30 > rm -fv /home/ec2-user/.rvm/rubies/default
removed ‘/home/ec2-user/.rvm/rubies/default’
+ /scripts/alias : alias_create_execute()  32 > command ln -fs /home/ec2-user/.rvm/rubies/ruby-2.3.0 /home/ec2-user/.rvm/rubies/default
+ /scripts/alias : alias_create_execute()  32 > ln -fs /home/ec2-user/.rvm/rubies/ruby-2.3.0 /home/ec2-user/.rvm/rubies/default
+ /scripts/alias : alias_create_execute()  27 > for _path in '"$rvm_rubies_path"' '"$rvm_environments_path"' '"$rvm_wrappers_path"'
+ /scripts/alias : alias_create_execute()  29 > [[ -L /home/ec2-user/.rvm/environments/default ]]
+ /scripts/alias : alias_create_execute()  30 > command rm -fv /home/ec2-user/.rvm/environments/default
+ /scripts/alias : alias_create_execute()  30 > rm -fv /home/ec2-user/.rvm/environments/default
removed ‘/home/ec2-user/.rvm/environments/default’
+ /scripts/alias : alias_create_execute()  32 > command ln -fs /home/ec2-user/.rvm/environments/ruby-2.3.0 /home/ec2-user/.rvm/environments/default
+ /scripts/alias : alias_create_execute()  32 > ln -fs /home/ec2-user/.rvm/environments/ruby-2.3.0 /home/ec2-user/.rvm/environments/default
+ /scripts/alias : alias_create_execute()  27 > for _path in '"$rvm_rubies_path"' '"$rvm_environments_path"' '"$rvm_wrappers_path"'
+ /scripts/alias : alias_create_execute()  29 > [[ -L /home/ec2-user/.rvm/wrappers/default ]]
+ /scripts/alias : alias_create_execute()  30 > command rm -fv /home/ec2-user/.rvm/wrappers/default
+ /scripts/alias : alias_create_execute()  30 > rm -fv /home/ec2-user/.rvm/wrappers/default
removed ‘/home/ec2-user/.rvm/wrappers/default’
+ /scripts/alias : alias_create_execute()  32 > command ln -fs /home/ec2-user/.rvm/wrappers/ruby-2.3.0 /home/ec2-user/.rvm/wrappers/default
+ /scripts/alias : alias_create_execute()  32 > ln -fs /home/ec2-user/.rvm/wrappers/ruby-2.3.0 /home/ec2-user/.rvm/wrappers/default
+ /scripts/alias : alias_create_execute()  35 > __rvm_db_ /home/ec2-user/.rvm/config/alias default ruby-2.3.0
+ /scripts/functions/db : __rvm_db_()  78 > typeset __db __key __value
+ /scripts/functions/db : __rvm_db_()  79 > __db=/home/ec2-user/.rvm/config/alias
+ /scripts/functions/db : __rvm_db_()  80 > __key=default
+ /scripts/functions/db : __rvm_db_()  81 > shift 2
+ /scripts/functions/db : __rvm_db_()  82 > __value=ruby-2.3.0
+ /scripts/functions/db : __rvm_db_()  83 > case "${__value}" in
+ /scripts/functions/db : __rvm_db_()  91 > __rvm_db_add /home/ec2-user/.rvm/config/alias default ruby-2.3.0
+ /scripts/functions/db : __rvm_db_add()  59 > typeset __dir=/home/ec2-user/.rvm/config
+ /scripts/functions/db : __rvm_db_add()  60 > [[ -f /home/ec2-user/.rvm/config/alias ]]
+ /scripts/functions/db : __rvm_db_add()  61 > __rvm_db_remove /home/ec2-user/.rvm/config/alias default
+ /scripts/functions/db : __rvm_db_remove()  50 > [[ -f /home/ec2-user/.rvm/config/alias ]]
+ /scripts/functions/db : __rvm_db_remove()  52 > __rvm_sed -e '\#^default=# d' -e '/^$/d' /home/ec2-user/.rvm/config/alias
+ /scripts/functions/support : __rvm_sed()  277 > sed -e '\#^default=# d' -e '/^$/d' /home/ec2-user/.rvm/config/alias
+ /scripts/functions/db : __rvm_db_remove()  53 > command mv -f /home/ec2-user/.rvm/config/alias.new /home/ec2-user/.rvm/config/alias
+ /scripts/functions/db : __rvm_db_remove()  53 > mv -f /home/ec2-user/.rvm/config/alias.new /home/ec2-user/.rvm/config/alias
+ /scripts/functions/db : __rvm_db_add()  65 > printf '%b=%b\n' default ruby-2.3.0
